<?xml version="1.0" encoding="UTF-8"?>
<!-- Generated by org.testng.reporters.JUnitReportReporter -->
<testsuite hostname="DESKTOP-2H36VJ1" failures="0" tests="1" name="selenium.BootstrapDropDown" time="10.441" errors="0" timestamp="2024-09-29T15:38:36 IST" skipped="0">
  <testcase classname="selenium.BootstrapDropDown" name="test" time="10.441"/>
  <system-out/>
</testsuite> <!-- selenium.BootstrapDropDown -->
