<?xml version="1.0" encoding="UTF-8"?>
<!-- Generated by org.testng.reporters.JUnitReportReporter -->
<testsuite hostname="DESKTOP-2H36VJ1" failures="0" tests="1" name="selenium.HandleChecboxes" time="7.528" errors="0" timestamp="2024-10-05T15:57:27 IST" skipped="0">
  <testcase classname="selenium.HandleChecboxes" name="test" time="7.528"/>
  <system-out/>
</testsuite> <!-- selenium.HandleChecboxes -->
