<?xml version="1.0" encoding="UTF-8"?>
<!-- Generated by org.testng.reporters.JUnitReportReporter -->
<testsuite hostname="DESKTOP-2H36VJ1" failures="0" tests="1" name="selenium.AutoCompleteDropDown" time="13.669" errors="0" timestamp="2024-10-05T15:10:17 IST" skipped="0">
  <testcase classname="selenium.AutoCompleteDropDown" name="test" time="13.669"/>
  <system-out/>
</testsuite> <!-- selenium.AutoCompleteDropDown -->
