<?xml version="1.0" encoding="UTF-8"?>
<!-- Generated by org.testng.reporters.JUnitReportReporter -->
<testsuite hostname="DESKTOP-2H36VJ1" failures="0" tests="1" name="selenium.LaunchBrowser" time="9.247" errors="0" timestamp="2024-09-22T16:33:22 IST" skipped="0">
  <testcase classname="selenium.LaunchBrowser" name="launchBrowser" time="9.247"/>
  <system-out/>
</testsuite> <!-- selenium.LaunchBrowser -->
