<?xml version="1.0" encoding="UTF-8"?>
<!-- Generated by org.testng.reporters.JUnitReportReporter -->
<testsuite hostname="DESKTOP-2H36VJ1" failures="0" tests="1" name="selenium.KeyBoardActions" time="9.383" errors="0" timestamp="2024-11-24T13:25:32 IST" skipped="0">
  <testcase classname="selenium.KeyBoardActions" name="test" time="9.383"/>
  <system-out/>
</testsuite> <!-- selenium.KeyBoardActions -->
