<?xml version="1.0" encoding="UTF-8"?>
<!-- Generated by org.testng.reporters.JUnitReportReporter -->
<testsuite hostname="DESKTOP-2H36VJ1" failures="0" tests="1" name="selenium.OpenURLInTwoTab" time="32.091" errors="0" timestamp="2024-12-01T12:41:05 IST" skipped="0">
  <testcase classname="selenium.OpenURLInTwoTab" name="test" time="32.091"/>
  <system-out/>
</testsuite> <!-- selenium.OpenURLInTwoTab -->
