<?xml version="1.0" encoding="UTF-8"?>
<!-- Generated by org.testng.reporters.JUnitReportReporter -->
<testsuite hostname="DESKTOP-2H36VJ1" failures="0" tests="1" name="selenium.FindElements_FindElement" time="7.632" errors="0" timestamp="2024-09-29T13:36:43 IST" skipped="0">
  <testcase classname="selenium.FindElements_FindElement" name="test" time="7.632"/>
  <system-out/>
</testsuite> <!-- selenium.FindElements_FindElement -->
