<?xml version="1.0" encoding="UTF-8"?>
<!-- Generated by org.testng.reporters.JUnitReportReporter -->
<testsuite hostname="DESKTOP-2H36VJ1" failures="0" tests="1" name="selenium.RightClickOPerations" time="5.253" errors="0" timestamp="2024-11-24T11:46:01 IST" skipped="0">
  <testcase classname="selenium.RightClickOPerations" name="test" time="5.253"/>
  <system-out/>
</testsuite> <!-- selenium.RightClickOPerations -->
