<?xml version="1.0" encoding="UTF-8"?>
<!-- Generated by org.testng.reporters.JUnitReportReporter -->
<testsuite hostname="DESKTOP-9B29BP4" failures="0" tests="3" name="testng.GroupingDemo1" time="0.023" errors="0" timestamp="2025-03-16T15:44:41 IST" skipped="0">
  <testcase classname="testng.GroupingDemo1" name="signUpByEmail" time="0.007"/>
  <testcase classname="testng.GroupingDemo1" name="signUpByFB" time="0.006"/>
  <testcase classname="testng.GroupingDemo1" name="signUpByGoogle" time="0.010"/>
</testsuite> <!-- testng.GroupingDemo1 -->
