<?xml version="1.0" encoding="UTF-8"?>
<!-- Generated by org.testng.reporters.JUnitReportReporter -->
<testsuite hostname="DESKTOP-2H36VJ1" failures="0" tests="1" name="selenium.HandleMultipleWindows" time="43.527" errors="0" timestamp="2024-10-06T14:47:08 IST" skipped="0">
  <testcase classname="selenium.HandleMultipleWindows" name="test" time="43.527"/>
  <system-out/>
</testsuite> <!-- selenium.HandleMultipleWindows -->
