<?xml version="1.0" encoding="UTF-8"?>
<!-- Generated by org.testng.reporters.JUnitReportReporter -->
<testsuite hostname="DESKTOP-2H36VJ1" failures="0" tests="1" name="selenium.Datepicker_dropdown" time="8.384" errors="0" timestamp="2024-11-23T15:26:02 IST" skipped="0">
  <testcase classname="selenium.Datepicker_dropdown" name="test" time="8.384"/>
  <system-out/>
</testsuite> <!-- selenium.Datepicker_dropdown -->
