<?xml version="1.0" encoding="UTF-8"?>
<!-- Generated by org.testng.reporters.JUnitReportReporter -->
<testsuite hostname="DESKTOP-2H36VJ1" failures="0" tests="1" name="selenium.NavigationCommands" time="14.449" errors="0" timestamp="2024-09-29T12:54:00 IST" skipped="0">
  <testcase classname="selenium.NavigationCommands" name="test" time="14.449"/>
  <system-out/>
</testsuite> <!-- selenium.NavigationCommands -->
