<?xml version="1.0" encoding="UTF-8"?>
<!-- Generated by org.testng.reporters.JUnitReportReporter -->
<testsuite hostname="DESKTOP-9B29BP4" failures="0" tests="2" name="testng.AnnotationsDemo" time="0.035" errors="0" timestamp="2025-03-16T12:52:52 IST" skipped="0">
  <testcase classname="testng.AnnotationsDemo" name="search" time="0.013"/>
  <testcase classname="testng.AnnotationsDemo" name="advanceSearch" time="0.022"/>
</testsuite> <!-- testng.AnnotationsDemo -->
