<?xml version="1.0" encoding="UTF-8"?>
<!-- Generated by org.testng.reporters.JUnitReportReporter -->
<testsuite hostname="DESKTOP-2H36VJ1" failures="0" tests="1" name="selenium.HandleLinks" time="22.284" errors="0" timestamp="2024-10-13T12:31:45 IST" skipped="0">
  <testcase classname="selenium.HandleLinks" name="test" time="22.284"/>
  <system-out/>
</testsuite> <!-- selenium.HandleLinks -->
