<?xml version="1.0" encoding="UTF-8"?>
<!-- Generated by org.testng.reporters.JUnitReportReporter -->
<testsuite hostname="DESKTOP-2H36VJ1" failures="0" tests="1" name="selenium.DownloadFile" time="3.096" errors="0" timestamp="2024-12-08T14:58:49 IST" skipped="0">
  <testcase classname="selenium.DownloadFile" name="test" time="3.096"/>
  <system-out/>
</testsuite> <!-- selenium.DownloadFile -->
