<?xml version="1.0" encoding="UTF-8"?>
<!-- Generated by org.testng.reporters.JUnitReportReporter -->
<testsuite hostname="DESKTOP-9B29BP4" failures="0" tests="2" name="testng.GroupingDemo2" time="0.030" errors="0" timestamp="2025-03-16T15:55:45 IST" skipped="0">
  <testcase classname="testng.GroupingDemo2" name="payInINR" time="0.026"/>
  <testcase classname="testng.GroupingDemo2" name="payInDollar" time="0.004"/>
</testsuite> <!-- testng.GroupingDemo2 -->
