<?xml version="1.0" encoding="UTF-8"?>
<!-- Generated by org.testng.reporters.JUnitReportReporter -->
<testsuite hostname="DESKTOP-2H36VJ1" failures="0" tests="1" name="selenium.HandleChecboxes" time="5.785" errors="0" timestamp="2024-10-06T13:33:01 IST" skipped="0">
  <testcase classname="selenium.HandleChecboxes" name="test" time="5.785"/>
  <system-out/>
</testsuite> <!-- selenium.HandleChecboxes -->
