<?xml version="1.0" encoding="UTF-8"?>
<!-- Generated by org.testng.reporters.JUnitReportReporter -->
<testsuite hostname="DESKTOP-9B29BP4" failures="0" tests="3" name="testng.GroupingDemo" time="0.015" errors="0" timestamp="2025-03-16T15:55:45 IST" skipped="0">
  <testcase classname="testng.GroupingDemo" name="loginByEmail" time="0.005"/>
  <testcase classname="testng.GroupingDemo" name="loginByFB" time="0.004"/>
  <testcase classname="testng.GroupingDemo" name="loginByGoogle" time="0.006"/>
</testsuite> <!-- testng.GroupingDemo -->
