<?xml version="1.0" encoding="UTF-8"?>
<!-- Generated by org.testng.reporters.JUnitReportReporter -->
<testsuite hostname="DESKTOP-2H36VJ1" failures="0" tests="1" name="selenium.HandleJSScriptPopups" time="7.947" errors="0" timestamp="2024-10-13T14:18:31 IST" skipped="0">
  <testcase classname="selenium.HandleJSScriptPopups" name="test" time="7.947"/>
  <system-out/>
</testsuite> <!-- selenium.HandleJSScriptPopups -->
