<?xml version="1.0" encoding="UTF-8"?>
<!-- Generated by org.testng.reporters.JUnitReportReporter -->
<testsuite hostname="DESKTOP-2H36VJ1" failures="0" tests="1" name="selenium.HandleWebTable" time="35.964" errors="0" timestamp="2024-11-17T13:19:37 IST" skipped="0">
  <testcase classname="selenium.HandleWebTable" name="test" time="35.964"/>
  <system-out/>
</testsuite> <!-- selenium.HandleWebTable -->
