<?xml version="1.0" encoding="UTF-8"?>
<!-- Generated by org.testng.reporters.JUnitReportReporter -->
<testsuite hostname="DESKTOP-2H36VJ1" failures="0" tests="1" name="selenium.TakeScreenshot" time="23.365" errors="0" timestamp="2024-12-01T11:59:12 IST" skipped="0">
  <testcase classname="selenium.TakeScreenshot" name="test" time="23.365"/>
  <system-out/>
</testsuite> <!-- selenium.TakeScreenshot -->
