<?xml version="1.0" encoding="UTF-8"?>
<!-- Generated by org.testng.reporters.JUnitReportReporter -->
<testsuite hostname="DESKTOP-2H36VJ1" failures="0" tests="1" name="selenium.OpenURLInTwoBrowser" time="31.271" errors="0" timestamp="2024-12-01T12:42:47 IST" skipped="0">
  <testcase classname="selenium.OpenURLInTwoBrowser" name="test" time="31.271"/>
  <system-out/>
</testsuite> <!-- selenium.OpenURLInTwoBrowser -->
