<?xml version="1.0" encoding="UTF-8"?>
<!-- Generated by org.testng.reporters.JUnitReportReporter -->
<testsuite hostname="DESKTOP-2H36VJ1" failures="0" tests="1" name="selenium.TableWithPagination" time="41.029" errors="0" timestamp="2024-11-23T13:40:00 IST" skipped="0">
  <testcase classname="selenium.TableWithPagination" name="test" time="41.029"/>
  <system-out/>
</testsuite> <!-- selenium.TableWithPagination -->
