<?xml version="1.0" encoding="UTF-8"?>
<!-- Generated by org.testng.reporters.JUnitReportReporter -->
<testsuite hostname="DESKTOP-9B29BP4" failures="0" tests="3" name="testng.FirstTestCase" time="13.477" errors="0" timestamp="2025-03-14T13:44:12 IST" skipped="0">
  <testcase classname="testng.FirstTestCase" name="openapp" time="11.165"/>
  <testcase classname="testng.FirstTestCase" name="enterCredsAndClickOnLogin" time="1.722"/>
  <testcase classname="testng.FirstTestCase" name="quit" time="0.590"/>
</testsuite> <!-- testng.FirstTestCase -->
