<?xml version="1.0" encoding="UTF-8"?>
<!-- Generated by org.testng.reporters.JUnitReportReporter -->
<testsuite hostname="DESKTOP-2H36VJ1" failures="0" tests="1" name="selenium.GetTextvsGetAttribute" time="5.848" errors="0" timestamp="2024-09-29T13:51:53 IST" skipped="0">
  <testcase classname="selenium.GetTextvsGetAttribute" name="test" time="5.848"/>
  <system-out/>
</testsuite> <!-- selenium.GetTextvsGetAttribute -->
