<?xml version="1.0" encoding="UTF-8"?>
<!-- Generated by org.testng.reporters.JUnitReportReporter -->
<testsuite hostname="DESKTOP-2H36VJ1" failures="0" tests="1" name="selenium.JSDemo" time="6.103" errors="0" timestamp="2024-12-08T13:15:16 IST" skipped="0">
  <testcase classname="selenium.JSDemo" name="test" time="6.103"/>
  <system-out/>
</testsuite> <!-- selenium.JSDemo -->
