<?xml version="1.0" encoding="UTF-8"?>
<!-- Generated by org.testng.reporters.JUnitReportReporter -->
<testsuite hostname="DESKTOP-2H36VJ1" failures="0" tests="1" name="selenium.HandleDrop" time="10.030" errors="0" timestamp="2024-09-29T15:08:31 IST" skipped="0">
  <testcase classname="selenium.HandleDrop" name="test" time="10.030"/>
  <system-out/>
</testsuite> <!-- selenium.HandleDrop -->
