<?xml version="1.0" encoding="UTF-8"?>
<!-- Generated by org.testng.reporters.JUnitReportReporter -->
<testsuite hostname="DESKTOP-2H36VJ1" failures="0" tests="1" name="selenium.OpenLinkNewTab" time="26.942" errors="0" timestamp="2024-12-01T12:35:05 IST" skipped="0">
  <testcase classname="selenium.OpenLinkNewTab" name="test" time="26.942"/>
  <system-out/>
</testsuite> <!-- selenium.OpenLinkNewTab -->
