<?xml version="1.0" encoding="UTF-8"?>
<!-- Generated by org.testng.reporters.JUnitReportReporter -->
<testsuite hostname="DESKTOP-2H36VJ1" failures="0" tests="1" name="selenium.DatePicker" time="5.406" errors="0" timestamp="2024-11-23T15:06:42 IST" skipped="0">
  <testcase classname="selenium.DatePicker" name="test" time="5.406"/>
  <system-out/>
</testsuite> <!-- selenium.DatePicker -->
