<?xml version="1.0" encoding="UTF-8"?>
<!-- Generated by org.testng.reporters.JUnitReportReporter -->
<testsuite hostname="DESKTOP-2H36VJ1" failures="0" tests="1" name="selenium.PriceRangeSlider" time="7.300" errors="0" timestamp="2024-11-24T12:39:22 IST" skipped="0">
  <testcase classname="selenium.PriceRangeSlider" name="test" time="7.300"/>
  <system-out/>
</testsuite> <!-- selenium.PriceRangeSlider -->
