<?xml version="1.0" encoding="UTF-8"?>
<!-- Generated by org.testng.reporters.JUnitReportReporter -->
<testsuite hostname="DESKTOP-9B29BP4" failures="0" tests="1" name="selenium.JSDemo" time="9.759" errors="0" timestamp="2025-03-14T12:31:39 IST" skipped="0">
  <testcase classname="selenium.JSDemo" name="test" time="9.759"/>
</testsuite> <!-- selenium.JSDemo -->
