<?xml version="1.0" encoding="UTF-8"?>
<!-- Generated by org.testng.reporters.JUnitReportReporter -->
<testsuite hostname="DESKTOP-2H36VJ1" failures="0" tests="1" name="selenium.ToolTip" time="10.322" errors="0" timestamp="2024-12-01T12:21:47 IST" skipped="0">
  <testcase classname="selenium.ToolTip" name="test" time="10.322"/>
  <system-out/>
</testsuite> <!-- selenium.ToolTip -->
