<?xml version="1.0" encoding="UTF-8"?>
<!-- Generated by org.testng.reporters.JUnitReportReporter -->
<testsuite hostname="DESKTOP-2H36VJ1" failures="0" tests="1" name="selenium.ValidationForElementDisplayed" time="7.931" errors="0" timestamp="2024-09-29T12:46:52 IST" skipped="0">
  <testcase classname="selenium.ValidationForElementDisplayed" name="test" time="7.931"/>
  <system-out/>
</testsuite> <!-- selenium.ValidationForElementDisplayed -->
